<?xml version="1.0" encoding="UTF-8"?>
<testsuite xmlns:xsi="http://www.w3.org/2001/XMLSchema-instance" xsi:schemaLocation="https://maven.apache.org/surefire/maven-surefire-plugin/xsd/surefire-test-report.xsd" name="modelTest.MoonTest" time="0.167" tests="6" errors="0" skipped="0" failures="0">
  <properties>
[...]
</properties>
  <testcase name="calculatePhaseOfMoonShouldThrowExceptionIfDateIsNull" classname="modelTest.MoonTest" time="0.036"/>
  <testcase name="calculatePhaseOfMoonShouldBeBetweenZeroAndOne{String}[1]" classname="modelTest.MoonTest" time="0.061"/>
  <testcase name="calculatePhaseOfMoonShouldBeBetweenZeroAndOne{String}[2]" classname="modelTest.MoonTest" time="0"/>
  <testcase name="claculatePhaseOfMoonShouldReturnSpecificValueForSpecificDate" classname="modelTest.MoonTest" time="0.005"/>
  <testcase name="getHistoryShouldHaveDataAfterCallCalculatePhaseOfMoon" classname="modelTest.MoonTest" time="0"/>
  <testcase name="getHistoryShouldBeEmptyIfWeDontCallCalculatePhaseOfMoon" classname="modelTest.MoonTest" time="0"/>
</testsuite>